Library/PramData/AndroidApplicationController/Cache/com.DefaultCompany.Deranged_Penguins_Project/gradle-project/launcher/build/intermediates/manifest_merge_blame_file/debug/manifest-merger-blame-debug-report.txt
1<?xml version="1.0" encoding="utf-8"?>
2<manifest xmlns:android="http://schemas.android.com/apk/res/android"
3    package="com.DefaultCompany.Deranged_Penguins_Project"
4    android:installLocation="preferExternal"
5    android:versionCode="1"
6    android:versionName="0.1" >
7
8    <uses-sdk
9        android:minSdkVersion="24"
9-->src\main\AndroidManifest.xml
10        android:targetSdkVersion="35" />
10-->src\main\AndroidManifest.xml
11
12    <supports-screens
12-->src\main\AndroidManifest.xml:4:3-163
13        android:anyDensity="true"
13-->src\main\AndroidManifest.xml:4:135-160
14        android:largeScreens="true"
14-->src\main\AndroidManifest.xml:4:78-105
15        android:normalScreens="true"
15-->src\main\AndroidManifest.xml:4:49-77
16        android:smallScreens="true"
16-->src\main\AndroidManifest.xml:4:21-48
17        android:xlargeScreens="true" />
17-->src\main\AndroidManifest.xml:4:106-134
18
19    <uses-permission android:name="android.permission.INTERNET" />
19-->[:unityLibrary] AndroidManifest.xml:8:5-67
19-->[:unityLibrary] AndroidManifest.xml:8:22-64
20
21    <uses-feature android:glEsVersion="0x00030000" />
21-->[:unityLibrary] AndroidManifest.xml:10:5-54
21-->[:unityLibrary] AndroidManifest.xml:10:19-51
22    <uses-feature
22-->[:unityLibrary] AndroidManifest.xml:11:5-13:36
23        android:name="android.hardware.vulkan.version"
23-->[:unityLibrary] AndroidManifest.xml:12:9-55
24        android:required="false" />
24-->[:unityLibrary] AndroidManifest.xml:13:9-33
25    <uses-feature
25-->[:unityLibrary] AndroidManifest.xml:14:5-16:36
26        android:name="android.hardware.touchscreen"
26-->[:unityLibrary] AndroidManifest.xml:15:9-52
27        android:required="false" />
27-->[:unityLibrary] AndroidManifest.xml:16:9-33
28    <uses-feature
28-->[:unityLibrary] AndroidManifest.xml:17:5-19:36
29        android:name="android.hardware.touchscreen.multitouch"
29-->[:unityLibrary] AndroidManifest.xml:18:9-63
30        android:required="false" />
30-->[:unityLibrary] AndroidManifest.xml:19:9-33
31    <uses-feature
31-->[:unityLibrary] AndroidManifest.xml:20:5-22:36
32        android:name="android.hardware.touchscreen.multitouch.distinct"
32-->[:unityLibrary] AndroidManifest.xml:21:9-72
33        android:required="false" />
33-->[:unityLibrary] AndroidManifest.xml:22:9-33
34
35    <uses-permission android:name="org.khronos.openxr.permission.OPENXR" />
35-->[:openxr_loader:] AndroidManifest.xml:13:3-74
35-->[:openxr_loader:] AndroidManifest.xml:13:20-71
36    <uses-permission android:name="org.khronos.openxr.permission.OPENXR_SYSTEM" />
36-->[:openxr_loader:] AndroidManifest.xml:14:3-81
36-->[:openxr_loader:] AndroidManifest.xml:14:20-78
37
38    <queries>
38-->[:openxr_loader:] AndroidManifest.xml:16:3-27:13
39
40        <!-- to talk to the broker -->
41        <provider android:authorities="org.khronos.openxr.runtime_broker;org.khronos.openxr.system_runtime_broker" />
41-->[:openxr_loader:] AndroidManifest.xml:18:5-114
41-->[:openxr_loader:] AndroidManifest.xml:18:15-111
42
43        <!-- so client-side code of runtime/layers can talk to their service sides -->
44        <intent>
44-->[:openxr_loader:] AndroidManifest.xml:21:5-23:14
45            <action android:name="org.khronos.openxr.OpenXRRuntimeService" />
45-->[:openxr_loader:] AndroidManifest.xml:22:7-72
45-->[:openxr_loader:] AndroidManifest.xml:22:15-69
46        </intent>
47        <intent>
47-->[:openxr_loader:] AndroidManifest.xml:24:5-26:14
48            <action android:name="org.khronos.openxr.OpenXRApiLayerService" />
48-->[:openxr_loader:] AndroidManifest.xml:25:7-73
48-->[:openxr_loader:] AndroidManifest.xml:25:15-70
49        </intent>
50    </queries>
51
52    <uses-permission android:name="android.permission.WRITE_EXTERNAL_STORAGE" />
53    <uses-permission android:name="android.permission.READ_PHONE_STATE" />
54    <uses-permission android:name="android.permission.READ_EXTERNAL_STORAGE" />
55
56    <application
56-->src\main\AndroidManifest.xml:3:3-83
57        android:debuggable="true"
58        android:extractNativeLibs="true"
58-->[:unityLibrary] AndroidManifest.xml:24:18-50
59        android:icon="@mipmap/app_icon"
59-->src\main\AndroidManifest.xml:3:49-80
60        android:label="@string/app_name" >
60-->src\main\AndroidManifest.xml:3:16-48
61        <meta-data
61-->[:unityLibrary] AndroidManifest.xml:25:9-27:33
62            android:name="unity.splash-mode"
62-->[:unityLibrary] AndroidManifest.xml:26:13-45
63            android:value="0" />
63-->[:unityLibrary] AndroidManifest.xml:27:13-30
64        <meta-data
64-->[:unityLibrary] AndroidManifest.xml:28:9-30:36
65            android:name="unity.splash-enable"
65-->[:unityLibrary] AndroidManifest.xml:29:13-47
66            android:value="True" />
66-->[:unityLibrary] AndroidManifest.xml:30:13-33
67        <meta-data
67-->[:unityLibrary] AndroidManifest.xml:31:9-33:36
68            android:name="unity.launch-fullscreen"
68-->[:unityLibrary] AndroidManifest.xml:32:13-51
69            android:value="True" />
69-->[:unityLibrary] AndroidManifest.xml:33:13-33
70        <meta-data
70-->[:unityLibrary] AndroidManifest.xml:34:9-36:36
71            android:name="unity.render-outside-safearea"
71-->[:unityLibrary] AndroidManifest.xml:35:13-57
72            android:value="True" />
72-->[:unityLibrary] AndroidManifest.xml:36:13-33
73        <meta-data
73-->[:unityLibrary] AndroidManifest.xml:37:9-39:50
74            android:name="notch.config"
74-->[:unityLibrary] AndroidManifest.xml:38:13-40
75            android:value="portrait|landscape" />
75-->[:unityLibrary] AndroidManifest.xml:39:13-47
76        <meta-data
76-->[:unityLibrary] AndroidManifest.xml:40:9-42:36
77            android:name="unity.auto-report-fully-drawn"
77-->[:unityLibrary] AndroidManifest.xml:41:13-57
78            android:value="true" />
78-->[:unityLibrary] AndroidManifest.xml:42:13-33
79
80        <activity
80-->[:unityLibrary] AndroidManifest.xml:44:9-65:20
81            android:name="com.unity3d.player.UnityPlayerActivity"
81-->[:unityLibrary] AndroidManifest.xml:45:13-66
82            android:configChanges="mcc|mnc|locale|touchscreen|keyboard|keyboardHidden|navigation|orientation|screenLayout|uiMode|screenSize|smallestScreenSize|fontScale|layoutDirection|density"
82-->[:unityLibrary] AndroidManifest.xml:46:13-194
83            android:exported="true"
83-->[:unityLibrary] AndroidManifest.xml:47:13-36
84            android:hardwareAccelerated="false"
84-->[:unityLibrary] AndroidManifest.xml:48:13-48
85            android:launchMode="singleTask"
85-->[:unityLibrary] AndroidManifest.xml:49:13-44
86            android:resizeableActivity="false"
86-->[:unityLibrary] AndroidManifest.xml:50:13-47
87            android:screenOrientation="fullUser"
87-->[:unityLibrary] AndroidManifest.xml:51:13-49
88            android:theme="@style/UnityThemeSelector" >
88-->[:unityLibrary] AndroidManifest.xml:52:13-54
89            <intent-filter>
89-->[:unityLibrary] AndroidManifest.xml:53:13-57:29
90                <category android:name="android.intent.category.LAUNCHER" />
90-->[:unityLibrary] AndroidManifest.xml:54:17-77
90-->[:unityLibrary] AndroidManifest.xml:54:27-74
91
92                <action android:name="android.intent.action.MAIN" />
92-->[:unityLibrary] AndroidManifest.xml:56:17-69
92-->[:unityLibrary] AndroidManifest.xml:56:25-66
93            </intent-filter>
94
95            <meta-data
95-->[:unityLibrary] AndroidManifest.xml:59:13-61:40
96                android:name="unityplayer.UnityActivity"
96-->[:unityLibrary] AndroidManifest.xml:60:17-57
97                android:value="true" />
97-->[:unityLibrary] AndroidManifest.xml:61:17-37
98            <meta-data
98-->[:unityLibrary] AndroidManifest.xml:62:13-64:40
99                android:name="notch_support"
99-->[:unityLibrary] AndroidManifest.xml:63:17-45
100                android:value="true" />
100-->[:unityLibrary] AndroidManifest.xml:64:17-37
101        </activity>
102    </application>
103
104</manifest>